<?xml version="1.0" encoding="utf-8"?><testsuite errors="2" failures="0" name="pytest" skips="0" tests="2" time="0.621"><testcase classname="" file="autoclass/tests/test_autoprops.py" name="autoclass.tests.test_autoprops" time="0"><error message="collection failure">ImportError while importing test module &apos;/home/travis/build/smarie/python-autoclass/autoclass/tests/test_autoprops.py&apos;.
Hint: make sure your test modules/packages have valid Python names.
Traceback:
../../../virtualenv/python3.5.3/lib/python3.5/site-packages/_pytest/python.py:395: in _importtestmodule
    mod = self.fspath.pyimport(ensuresyspath=importmode)
../../../virtualenv/python3.5.3/lib/python3.5/site-packages/py/_path/local.py:662: in pyimport
    __import__(modname)
../../../virtualenv/python3.5.3/lib/python3.5/site-packages/_pytest/assertion/rewrite.py:212: in load_module
    py.builtin.exec_(co, mod.__dict__)
autoclass/tests/test_autoprops.py:6: in &lt;module&gt;
    from valid8 import Boolean, minlens, gts, between, validate, ValidationError
E   ImportError: No module named &apos;valid8&apos;</error></testcase><testcase classname="" file="autoclass/tests/test_readme.py" name="autoclass.tests.test_readme" time="0"><error message="collection failure">ImportError while importing test module &apos;/home/travis/build/smarie/python-autoclass/autoclass/tests/test_readme.py&apos;.
Hint: make sure your test modules/packages have valid Python names.
Traceback:
../../../virtualenv/python3.5.3/lib/python3.5/site-packages/_pytest/python.py:395: in _importtestmodule
    mod = self.fspath.pyimport(ensuresyspath=importmode)
../../../virtualenv/python3.5.3/lib/python3.5/site-packages/py/_path/local.py:662: in pyimport
    __import__(modname)
../../../virtualenv/python3.5.3/lib/python3.5/site-packages/_pytest/assertion/rewrite.py:212: in load_module
    py.builtin.exec_(co, mod.__dict__)
autoclass/tests/test_readme.py:4: in &lt;module&gt;
    from valid8 import Boolean, minlens, validate, ValidationError, gt, is_in, minlen
E   ImportError: No module named &apos;valid8&apos;</error></testcase></testsuite>